
> @lore/client@0.0.1 dev /Users/liuyang/codes/Lore/packages/client
> vite


  VITE v6.4.2  ready in 155 ms

  ➜  Local:   http://localhost:39528/
  ➜  Network: use --host to expose
23:45:52 [vite] (client) hmr update /src/styles/global.css
23:46:57 [vite] (client) hmr update /src/styles/global.css
23:52:41 [vite] (client) hmr update /src/pages/SettingsPage.tsx
23:52:41 [vite] (client) ✨ new dependencies optimized: framer-motion, lucide-react
23:52:41 [vite] (client) ✨ optimized dependencies changed. reloading
23:52:55 [vite] (client) hmr update /src/App.tsx
23:52:56 [vite] (client) ✨ new dependencies optimized: @react-three/fiber, @react-three/drei, three
23:52:56 [vite] (client) ✨ optimized dependencies changed. reloading
23:53:14 [vite] (client) hmr update /src/pages/WorldPage.tsx, /src/pages/InitPage.tsx, /src/components/settings/AIProvidersPanel.tsx, /src/components/settings/ProviderEditModal.tsx, /src/components/settings/ProviderCard.tsx, /src/components/settings/ProviderPresetSelector.tsx, /src/pages/CreateWorldPage.tsx
23:56:44 [vite] (client) hmr update /src/components/earth/Globe.tsx
23:56:51 [vite] (client) hmr update /src/pages/CreateWorldPage.tsx
23:56:54 [vite] (client) hmr update /src/pages/CreateWorldPage.tsx
23:57:34 [vite] (client) hmr update /src/pages/CreateWorldPage.tsx
23:58:00 [vite] (client) hmr update /src/pages/CreateWorldPage.tsx
01:48:04 [vite] (client) hmr update /src/pages/SettingsPage.tsx
01:48:04 [vite] (client) hmr update /src/pages/WorldPage.tsx, /src/pages/InitPage.tsx, /src/components/settings/AIProvidersPanel.tsx, /src/components/settings/ProviderEditModal.tsx, /src/components/settings/ProviderCard.tsx, /src/components/settings/ProviderPresetSelector.tsx, /src/pages/CreateWorldPage.tsx
01:48:13 [vite] (client) hmr update /src/pages/HomePage.tsx
01:48:13 [vite] (client) hmr update /src/pages/CreateWorldPage.tsx
01:48:27 [vite] (client) hmr update /src/App.tsx
01:49:04 [vite] (client) hmr update /src/App.tsx
 ELIFECYCLE  Command failed with exit code 143.
