
> @lore/server@0.1.0 dev /Users/liuyang/codes/Lore/packages/server
> tsx watch src/index.ts

[14:00:44.707] [32mINFO[39m: [36m[Lore] Starting...[39m
[14:00:44.717] [32mINFO[39m: [36mServer listening at http://127.0.0.1:3952[39m
[14:00:44.717] [32mINFO[39m: [36mServer listening at http://192.168.31.15:3952[39m
[14:00:44.717] [32mINFO[39m: [36m[Lore] Server running at http://localhost:3952[39m
[14:00:45.009] [32mINFO[39m: [36mincoming request[39m
    [35mreqId[39m: "req-1"
    [35mreq[39m: {
      "method": "GET",
      "url": "/api/config",
      "host": "localhost:3952",
      "remoteAddress": "127.0.0.1",
      "remotePort": 59138
    }
[14:00:45.013] [32mINFO[39m: [36mrequest completed[39m
    [35mreqId[39m: "req-1"
    [35mres[39m: {
      "statusCode": 200
    }
    [35mresponseTime[39m: 3.670292019844055
